Info: Starting: Create block symbol file (.bsf)
Info: qsys-generate /home/mark/Desktop/dronefpga/pll.qsys --block-symbol-file --output-directory=/home/mark/Desktop/dronefpga/pll --family="Cyclone 10 LP" --part=10CL025YU256C8G
Progress: Loading dronefpga/pll.qsys
Progress: Reading input file
Progress: Adding altpll_0 [altpll 20.1]
Progress: Parameterizing module altpll_0
Progress: Adding clk_0 [clock_source 20.1]
Progress: Parameterizing module clk_0
Progress: Building connections
Progress: Parameterizing connections
Progress: Validating
Progress: Done reading input file
Warning: pll.altpll_0: altpll_0.areset_conduit must be exported, or connected to a matching conduit.
Warning: pll.altpll_0: altpll_0.locked_conduit must be exported, or connected to a matching conduit.
Warning: pll.altpll_0: altpll_0.pll_slave must be connected to an Avalon-MM master
Info: qsys-generate succeeded.
Info: Finished: Create block symbol file (.bsf)
Info: 
Info: Starting: Create HDL design files for synthesis
Info: qsys-generate /home/mark/Desktop/dronefpga/pll.qsys --synthesis=VERILOG --output-directory=/home/mark/Desktop/dronefpga/pll/synthesis --family="Cyclone 10 LP" --part=10CL025YU256C8G
Progress: Loading dronefpga/pll.qsys
Progress: Reading input file
Progress: Adding altpll_0 [altpll 20.1]
Progress: Parameterizing module altpll_0
Progress: Adding clk_0 [clock_source 20.1]
Progress: Parameterizing module clk_0
Progress: Building connections
Progress: Parameterizing connections
Progress: Validating
Progress: Done reading input file
Warning: pll.altpll_0: altpll_0.areset_conduit must be exported, or connected to a matching conduit.
Warning: pll.altpll_0: altpll_0.locked_conduit must be exported, or connected to a matching conduit.
Warning: pll.altpll_0: altpll_0.pll_slave must be connected to an Avalon-MM master
Info: pll: Generating pll "pll" for QUARTUS_SYNTH
Info: altpll_0: "pll" instantiated altpll "altpll_0"
Info: rst_controller: "pll" instantiated altera_reset_controller "rst_controller"
Info: pll: Done "pll" with 3 modules, 5 files
Info: qsys-generate succeeded.
Info: Finished: Create HDL design files for synthesis
